This file contains any messages produced by compilers while
running configure, to aid debugging if configure makes a mistake.

It was created by hts_engine_API configure 1.10, which was
generated by GNU Autoconf 2.69.  Invocation command line was

  $ ./configure 

## --------- ##
## Platform. ##
## --------- ##

hostname = ubuntu
uname -m = x86_64
uname -r = 3.19.0-25-generic
uname -s = Linux
uname -v = #26~14.04.1-Ubuntu SMP Fri Jul 24 21:16:20 UTC 2015

/usr/bin/uname -p = unknown
/bin/uname -X     = unknown

/bin/arch              = unknown
/usr/bin/arch -k       = unknown
/usr/convex/getsysinfo = unknown
/usr/bin/hostinfo      = unknown
/bin/machine           = unknown
/usr/bin/oslevel       = unknown
/bin/universe          = unknown

PATH: /usr/local/sbin
PATH: /usr/local/bin
PATH: /usr/sbin
PATH: /usr/bin
PATH: /sbin
PATH: /bin
PATH: /usr/games
PATH: /usr/local/games


## ----------- ##
## Core tests. ##
## ----------- ##

configure:2269: checking for a BSD-compatible install
configure:2337: result: /usr/bin/install -c
configure:2348: checking whether build environment is sane
configure:2403: result: yes
configure:2554: checking for a thread-safe mkdir -p
configure:2593: result: /bin/mkdir -p
configure:2600: checking for gawk
configure:2616: found /usr/bin/gawk
configure:2627: result: gawk
configure:2638: checking whether make sets $(MAKE)
configure:2660: result: yes
configure:2689: checking whether make supports nested variables
configure:2706: result: yes
configure:2881: checking for gcc
configure:2897: found /usr/bin/gcc
configure:2908: result: gcc
configure:3137: checking for C compiler version
configure:3146: gcc --version >&5
gcc (Ubuntu 4.9.4-2ubuntu1~14.04.1) 4.9.4
Copyright (C) 2015 Free Software Foundation, Inc.
This is free software; see the source for copying conditions.  There is NO
warranty; not even for MERCHANTABILITY or FITNESS FOR A PARTICULAR PURPOSE.

configure:3157: $? = 0
configure:3146: gcc -v >&5
Using built-in specs.
COLLECT_GCC=gcc
COLLECT_LTO_WRAPPER=/usr/lib/gcc/x86_64-linux-gnu/4.9/lto-wrapper
Target: x86_64-linux-gnu
Configured with: ../src/configure -v --with-pkgversion='Ubuntu 4.9.4-2ubuntu1~14.04.1' --with-bugurl=file:///usr/share/doc/gcc-4.9/README.Bugs --enable-languages=c,c++,java,go,d,fortran,objc,obj-c++ --prefix=/usr --program-suffix=-4.9 --enable-shared --enable-linker-build-id --libexecdir=/usr/lib --without-included-gettext --enable-threads=posix --with-gxx-include-dir=/usr/include/c++/4.9 --libdir=/usr/lib --enable-nls --with-sysroot=/ --enable-clocale=gnu --enable-libstdcxx-debug --enable-libstdcxx-time=yes --enable-gnu-unique-object --disable-vtable-verify --enable-plugin --with-system-zlib --disable-browser-plugin --enable-java-awt=gtk --enable-gtk-cairo --with-java-home=/usr/lib/jvm/java-1.5.0-gcj-4.9-amd64/jre --enable-java-home --with-jvm-root-dir=/usr/lib/jvm/java-1.5.0-gcj-4.9-amd64 --with-jvm-jar-dir=/usr/lib/jvm-exports/java-1.5.0-gcj-4.9-amd64 --with-arch-directory=amd64 --with-ecj-jar=/usr/share/java/eclipse-ecj.jar --enable-objc-gc --enable-multiarch --disable-werror --with-arch-32=i686 --with-abi=m64 --with-multilib-list=m32,m64,mx32 --enable-multilib --with-tune=generic --enable-checking=release --build=x86_64-linux-gnu --host=x86_64-linux-gnu --target=x86_64-linux-gnu
Thread model: posix
gcc version 4.9.4 (Ubuntu 4.9.4-2ubuntu1~14.04.1) 
configure:3157: $? = 0
configure:3146: gcc -V >&5
gcc: error: unrecognized command line option '-V'
gcc: fatal error: no input files
compilation terminated.
configure:3157: $? = 4
configure:3146: gcc -qversion >&5
gcc: error: unrecognized command line option '-qversion'
gcc: fatal error: no input files
compilation terminated.
configure:3157: $? = 4
configure:3177: checking whether the C compiler works
configure:3199: gcc    conftest.c  >&5
configure:3203: $? = 0
configure:3251: result: yes
configure:3254: checking for C compiler default output file name
configure:3256: result: a.out
configure:3262: checking for suffix of executables
configure:3269: gcc -o conftest    conftest.c  >&5
configure:3273: $? = 0
configure:3295: result: 
configure:3317: checking whether we are cross compiling
configure:3325: gcc -o conftest    conftest.c  >&5
configure:3329: $? = 0
configure:3336: ./conftest
configure:3340: $? = 0
configure:3355: result: no
configure:3360: checking for suffix of object files
configure:3382: gcc -c   conftest.c >&5
configure:3386: $? = 0
configure:3407: result: o
configure:3411: checking whether we are using the GNU C compiler
configure:3430: gcc -c   conftest.c >&5
configure:3430: $? = 0
configure:3439: result: yes
configure:3448: checking whether gcc accepts -g
configure:3468: gcc -c -g  conftest.c >&5
configure:3468: $? = 0
configure:3509: result: yes
configure:3526: checking for gcc option to accept ISO C89
configure:3589: gcc  -c -g -O2  conftest.c >&5
configure:3589: $? = 0
configure:3602: result: none needed
configure:3627: checking whether gcc understands -c and -o together
configure:3649: gcc -c conftest.c -o conftest2.o
configure:3652: $? = 0
configure:3649: gcc -c conftest.c -o conftest2.o
configure:3652: $? = 0
configure:3664: result: yes
configure:3692: checking for style of include used by make
configure:3720: result: GNU
configure:3746: checking dependency style of gcc
configure:3857: result: gcc3
configure:3917: checking for ranlib
configure:3933: found /usr/bin/ranlib
configure:3944: result: ranlib
configure:4012: checking for ar
configure:4028: found /usr/bin/ar
configure:4039: result: ar
configure:4065: checking for log in -lm
configure:4090: gcc -o conftest -g -O2   conftest.c -lm   >&5
conftest.c:18:6: warning: conflicting types for built-in function 'log'
 char log ();
      ^
configure:4090: $? = 0
configure:4099: result: yes
configure:4118: checking how to run the C preprocessor
configure:4149: gcc -E  conftest.c
configure:4149: $? = 0
configure:4163: gcc -E  conftest.c
conftest.c:12:28: fatal error: ac_nonexistent.h: No such file or directory
 #include <ac_nonexistent.h>
                            ^
compilation terminated.
configure:4163: $? = 1
configure: failed program was:
| /* confdefs.h */
| #define PACKAGE_NAME "hts_engine_API"
| #define PACKAGE_TARNAME "hts_engine_API"
| #define PACKAGE_VERSION "1.10"
| #define PACKAGE_STRING "hts_engine_API 1.10"
| #define PACKAGE_BUGREPORT "hts-engine-users@lists.sourceforge.net"
| #define PACKAGE_URL ""
| #define PACKAGE "hts_engine_API"
| #define VERSION "1.10"
| #define HAVE_LIBM 1
| /* end confdefs.h.  */
| #include <ac_nonexistent.h>
configure:4188: result: gcc -E
configure:4208: gcc -E  conftest.c
configure:4208: $? = 0
configure:4222: gcc -E  conftest.c
conftest.c:12:28: fatal error: ac_nonexistent.h: No such file or directory
 #include <ac_nonexistent.h>
                            ^
compilation terminated.
configure:4222: $? = 1
configure: failed program was:
| /* confdefs.h */
| #define PACKAGE_NAME "hts_engine_API"
| #define PACKAGE_TARNAME "hts_engine_API"
| #define PACKAGE_VERSION "1.10"
| #define PACKAGE_STRING "hts_engine_API 1.10"
| #define PACKAGE_BUGREPORT "hts-engine-users@lists.sourceforge.net"
| #define PACKAGE_URL ""
| #define PACKAGE "hts_engine_API"
| #define VERSION "1.10"
| #define HAVE_LIBM 1
| /* end confdefs.h.  */
| #include <ac_nonexistent.h>
configure:4251: checking for grep that handles long lines and -e
configure:4309: result: /bin/grep
configure:4314: checking for egrep
configure:4376: result: /bin/grep -E
configure:4381: checking for ANSI C header files
configure:4401: gcc -c -g -O2  conftest.c >&5
configure:4401: $? = 0
configure:4474: gcc -o conftest -g -O2   conftest.c -lm  >&5
configure:4474: $? = 0
configure:4474: ./conftest
configure:4474: $? = 0
configure:4485: result: yes
configure:4498: checking for sys/types.h
configure:4498: gcc -c -g -O2  conftest.c >&5
configure:4498: $? = 0
configure:4498: result: yes
configure:4498: checking for sys/stat.h
configure:4498: gcc -c -g -O2  conftest.c >&5
configure:4498: $? = 0
configure:4498: result: yes
configure:4498: checking for stdlib.h
configure:4498: gcc -c -g -O2  conftest.c >&5
configure:4498: $? = 0
configure:4498: result: yes
configure:4498: checking for string.h
configure:4498: gcc -c -g -O2  conftest.c >&5
configure:4498: $? = 0
configure:4498: result: yes
configure:4498: checking for memory.h
configure:4498: gcc -c -g -O2  conftest.c >&5
configure:4498: $? = 0
configure:4498: result: yes
configure:4498: checking for strings.h
configure:4498: gcc -c -g -O2  conftest.c >&5
configure:4498: $? = 0
configure:4498: result: yes
configure:4498: checking for inttypes.h
configure:4498: gcc -c -g -O2  conftest.c >&5
configure:4498: $? = 0
configure:4498: result: yes
configure:4498: checking for stdint.h
configure:4498: gcc -c -g -O2  conftest.c >&5
configure:4498: $? = 0
configure:4498: result: yes
configure:4498: checking for unistd.h
configure:4498: gcc -c -g -O2  conftest.c >&5
configure:4498: $? = 0
configure:4498: result: yes
configure:4513: checking for stdlib.h
configure:4513: result: yes
configure:4513: checking for string.h
configure:4513: result: yes
configure:4526: checking for an ANSI C-conforming const
configure:4592: gcc -c -g -O2  conftest.c >&5
configure:4592: $? = 0
configure:4599: result: yes
configure:4607: checking for size_t
configure:4607: gcc -c -g -O2  conftest.c >&5
configure:4607: $? = 0
configure:4607: gcc -c -g -O2  conftest.c >&5
conftest.c: In function 'main':
conftest.c:60:21: error: expected expression before ')' token
 if (sizeof ((size_t)))
                     ^
configure:4607: $? = 1
configure: failed program was:
| /* confdefs.h */
| #define PACKAGE_NAME "hts_engine_API"
| #define PACKAGE_TARNAME "hts_engine_API"
| #define PACKAGE_VERSION "1.10"
| #define PACKAGE_STRING "hts_engine_API 1.10"
| #define PACKAGE_BUGREPORT "hts-engine-users@lists.sourceforge.net"
| #define PACKAGE_URL ""
| #define PACKAGE "hts_engine_API"
| #define VERSION "1.10"
| #define HAVE_LIBM 1
| #define STDC_HEADERS 1
| #define HAVE_SYS_TYPES_H 1
| #define HAVE_SYS_STAT_H 1
| #define HAVE_STDLIB_H 1
| #define HAVE_STRING_H 1
| #define HAVE_MEMORY_H 1
| #define HAVE_STRINGS_H 1
| #define HAVE_INTTYPES_H 1
| #define HAVE_STDINT_H 1
| #define HAVE_UNISTD_H 1
| #define HAVE_STDLIB_H 1
| #define HAVE_STRING_H 1
| /* end confdefs.h.  */
| #include <stdio.h>
| #ifdef HAVE_SYS_TYPES_H
| # include <sys/types.h>
| #endif
| #ifdef HAVE_SYS_STAT_H
| # include <sys/stat.h>
| #endif
| #ifdef STDC_HEADERS
| # include <stdlib.h>
| # include <stddef.h>
| #else
| # ifdef HAVE_STDLIB_H
| #  include <stdlib.h>
| # endif
| #endif
| #ifdef HAVE_STRING_H
| # if !defined STDC_HEADERS && defined HAVE_MEMORY_H
| #  include <memory.h>
| # endif
| # include <string.h>
| #endif
| #ifdef HAVE_STRINGS_H
| # include <strings.h>
| #endif
| #ifdef HAVE_INTTYPES_H
| # include <inttypes.h>
| #endif
| #ifdef HAVE_STDINT_H
| # include <stdint.h>
| #endif
| #ifdef HAVE_UNISTD_H
| # include <unistd.h>
| #endif
| int
| main ()
| {
| if (sizeof ((size_t)))
| 	    return 0;
|   ;
|   return 0;
| }
configure:4607: result: yes
configure:4622: checking for vprintf
configure:4622: gcc -o conftest -g -O2   conftest.c -lm  >&5
conftest.c:47:6: warning: conflicting types for built-in function 'vprintf'
 char vprintf ();
      ^
configure:4622: $? = 0
configure:4622: result: yes
configure:4628: checking for _doprnt
configure:4628: gcc -o conftest -g -O2   conftest.c -lm  >&5
/tmp/ccE4SmId.o: In function `main':
/home/pucher/osxhome/projects/git/hts-engine-world/trunk/conftest.c:59: undefined reference to `_doprnt'
collect2: error: ld returned 1 exit status
configure:4628: $? = 1
configure: failed program was:
| /* confdefs.h */
| #define PACKAGE_NAME "hts_engine_API"
| #define PACKAGE_TARNAME "hts_engine_API"
| #define PACKAGE_VERSION "1.10"
| #define PACKAGE_STRING "hts_engine_API 1.10"
| #define PACKAGE_BUGREPORT "hts-engine-users@lists.sourceforge.net"
| #define PACKAGE_URL ""
| #define PACKAGE "hts_engine_API"
| #define VERSION "1.10"
| #define HAVE_LIBM 1
| #define STDC_HEADERS 1
| #define HAVE_SYS_TYPES_H 1
| #define HAVE_SYS_STAT_H 1
| #define HAVE_STDLIB_H 1
| #define HAVE_STRING_H 1
| #define HAVE_MEMORY_H 1
| #define HAVE_STRINGS_H 1
| #define HAVE_INTTYPES_H 1
| #define HAVE_STDINT_H 1
| #define HAVE_UNISTD_H 1
| #define HAVE_STDLIB_H 1
| #define HAVE_STRING_H 1
| #define HAVE_VPRINTF 1
| /* end confdefs.h.  */
| /* Define _doprnt to an innocuous variant, in case <limits.h> declares _doprnt.
|    For example, HP-UX 11i <limits.h> declares gettimeofday.  */
| #define _doprnt innocuous__doprnt
| 
| /* System header to define __stub macros and hopefully few prototypes,
|     which can conflict with char _doprnt (); below.
|     Prefer <limits.h> to <assert.h> if __STDC__ is defined, since
|     <limits.h> exists even on freestanding compilers.  */
| 
| #ifdef __STDC__
| # include <limits.h>
| #else
| # include <assert.h>
| #endif
| 
| #undef _doprnt
| 
| /* Override any GCC internal prototype to avoid an error.
|    Use char because int might match the return type of a GCC
|    builtin and then its argument prototype would still apply.  */
| #ifdef __cplusplus
| extern "C"
| #endif
| char _doprnt ();
| /* The GNU C library defines this for functions which it implements
|     to always fail with ENOSYS.  Some functions are actually named
|     something starting with __ and the normal name is an alias.  */
| #if defined __stub__doprnt || defined __stub____doprnt
| choke me
| #endif
| 
| int
| main ()
| {
| return _doprnt ();
|   ;
|   return 0;
| }
configure:4628: result: no
configure:4642: checking for sqrt
configure:4642: gcc -o conftest -g -O2   conftest.c -lm  >&5
conftest.c:48:6: warning: conflicting types for built-in function 'sqrt'
 char sqrt ();
      ^
configure:4642: $? = 0
configure:4642: result: yes
configure:4642: checking for strchr
configure:4642: gcc -o conftest -g -O2   conftest.c -lm  >&5
conftest.c:49:6: warning: conflicting types for built-in function 'strchr'
 char strchr ();
      ^
configure:4642: $? = 0
configure:4642: result: yes
configure:4642: checking for strrchr
configure:4642: gcc -o conftest -g -O2   conftest.c -lm  >&5
conftest.c:50:6: warning: conflicting types for built-in function 'strrchr'
 char strrchr ();
      ^
configure:4642: $? = 0
configure:4642: result: yes
configure:4642: checking for strstr
configure:4642: gcc -o conftest -g -O2   conftest.c -lm  >&5
conftest.c:51:6: warning: conflicting types for built-in function 'strstr'
 char strstr ();
      ^
configure:4642: $? = 0
configure:4642: result: yes
configure:4661: checking whether to enable compiling for embedded devices
configure:4669: result: no
configure:4682: checking whether to use memory allocation/free functions of speech tools
configure:4690: result: no
configure:4699: checking build system type
configure:4713: result: x86_64-unknown-linux-gnu
configure:4733: checking host system type
configure:4746: result: x86_64-unknown-linux-gnu
configure:4766: checking whether byte ordering is bigendian
configure:4781: gcc -c -g -O2  conftest.c >&5
conftest.c:30:9: error: unknown type name 'not'
         not a universal capable compiler
         ^
conftest.c:30:15: error: expected '=', ',', ';', 'asm' or '__attribute__' before 'universal'
         not a universal capable compiler
               ^
conftest.c:30:15: error: unknown type name 'universal'
configure:4781: $? = 1
configure: failed program was:
| /* confdefs.h */
| #define PACKAGE_NAME "hts_engine_API"
| #define PACKAGE_TARNAME "hts_engine_API"
| #define PACKAGE_VERSION "1.10"
| #define PACKAGE_STRING "hts_engine_API 1.10"
| #define PACKAGE_BUGREPORT "hts-engine-users@lists.sourceforge.net"
| #define PACKAGE_URL ""
| #define PACKAGE "hts_engine_API"
| #define VERSION "1.10"
| #define HAVE_LIBM 1
| #define STDC_HEADERS 1
| #define HAVE_SYS_TYPES_H 1
| #define HAVE_SYS_STAT_H 1
| #define HAVE_STDLIB_H 1
| #define HAVE_STRING_H 1
| #define HAVE_MEMORY_H 1
| #define HAVE_STRINGS_H 1
| #define HAVE_INTTYPES_H 1
| #define HAVE_STDINT_H 1
| #define HAVE_UNISTD_H 1
| #define HAVE_STDLIB_H 1
| #define HAVE_STRING_H 1
| #define HAVE_VPRINTF 1
| #define HAVE_SQRT 1
| #define HAVE_STRCHR 1
| #define HAVE_STRRCHR 1
| #define HAVE_STRSTR 1
| /* end confdefs.h.  */
| #ifndef __APPLE_CC__
| 	       not a universal capable compiler
| 	     #endif
| 	     typedef int dummy;
| 
configure:4826: gcc -c -g -O2  conftest.c >&5
configure:4826: $? = 0
configure:4844: gcc -c -g -O2  conftest.c >&5
conftest.c: In function 'main':
conftest.c:36:4: error: unknown type name 'not'
    not big endian
    ^
conftest.c:36:12: error: expected '=', ',', ';', 'asm' or '__attribute__' before 'endian'
    not big endian
            ^
configure:4844: $? = 1
configure: failed program was:
| /* confdefs.h */
| #define PACKAGE_NAME "hts_engine_API"
| #define PACKAGE_TARNAME "hts_engine_API"
| #define PACKAGE_VERSION "1.10"
| #define PACKAGE_STRING "hts_engine_API 1.10"
| #define PACKAGE_BUGREPORT "hts-engine-users@lists.sourceforge.net"
| #define PACKAGE_URL ""
| #define PACKAGE "hts_engine_API"
| #define VERSION "1.10"
| #define HAVE_LIBM 1
| #define STDC_HEADERS 1
| #define HAVE_SYS_TYPES_H 1
| #define HAVE_SYS_STAT_H 1
| #define HAVE_STDLIB_H 1
| #define HAVE_STRING_H 1
| #define HAVE_MEMORY_H 1
| #define HAVE_STRINGS_H 1
| #define HAVE_INTTYPES_H 1
| #define HAVE_STDINT_H 1
| #define HAVE_UNISTD_H 1
| #define HAVE_STDLIB_H 1
| #define HAVE_STRING_H 1
| #define HAVE_VPRINTF 1
| #define HAVE_SQRT 1
| #define HAVE_STRCHR 1
| #define HAVE_STRRCHR 1
| #define HAVE_STRSTR 1
| /* end confdefs.h.  */
| #include <sys/types.h>
| 		#include <sys/param.h>
| 
| int
| main ()
| {
| #if BYTE_ORDER != BIG_ENDIAN
| 		 not big endian
| 		#endif
| 
|   ;
|   return 0;
| }
configure:4972: result: no
configure:5191: checking that generated files are newer than configure
configure:5197: result: done
configure:5221: creating ./config.status

## ---------------------- ##
## Running config.status. ##
## ---------------------- ##

This file was extended by hts_engine_API config.status 1.10, which was
generated by GNU Autoconf 2.69.  Invocation command line was

  CONFIG_FILES    = 
  CONFIG_HEADERS  = 
  CONFIG_LINKS    = 
  CONFIG_COMMANDS = 
  $ ./config.status 

on ubuntu

config.status:789: creating Makefile
config.status:789: creating bin/Makefile
config.status:789: creating lib/Makefile
config.status:961: executing depfiles commands

## ---------------- ##
## Cache variables. ##
## ---------------- ##

ac_cv_build=x86_64-unknown-linux-gnu
ac_cv_c_bigendian=no
ac_cv_c_compiler_gnu=yes
ac_cv_c_const=yes
ac_cv_env_CC_set=
ac_cv_env_CC_value=
ac_cv_env_CFLAGS_set=
ac_cv_env_CFLAGS_value=
ac_cv_env_CPPFLAGS_set=
ac_cv_env_CPPFLAGS_value=
ac_cv_env_CPP_set=
ac_cv_env_CPP_value=
ac_cv_env_LDFLAGS_set=
ac_cv_env_LDFLAGS_value=
ac_cv_env_LIBS_set=
ac_cv_env_LIBS_value=
ac_cv_env_build_alias_set=
ac_cv_env_build_alias_value=
ac_cv_env_host_alias_set=
ac_cv_env_host_alias_value=
ac_cv_env_target_alias_set=
ac_cv_env_target_alias_value=
ac_cv_func__doprnt=no
ac_cv_func_sqrt=yes
ac_cv_func_strchr=yes
ac_cv_func_strrchr=yes
ac_cv_func_strstr=yes
ac_cv_func_vprintf=yes
ac_cv_header_inttypes_h=yes
ac_cv_header_memory_h=yes
ac_cv_header_stdc=yes
ac_cv_header_stdint_h=yes
ac_cv_header_stdlib_h=yes
ac_cv_header_string_h=yes
ac_cv_header_strings_h=yes
ac_cv_header_sys_stat_h=yes
ac_cv_header_sys_types_h=yes
ac_cv_header_unistd_h=yes
ac_cv_host=x86_64-unknown-linux-gnu
ac_cv_lib_m_log=yes
ac_cv_objext=o
ac_cv_path_EGREP='/bin/grep -E'
ac_cv_path_GREP=/bin/grep
ac_cv_path_install='/usr/bin/install -c'
ac_cv_path_mkdir=/bin/mkdir
ac_cv_prog_AWK=gawk
ac_cv_prog_CPP='gcc -E'
ac_cv_prog_ac_ct_AR=ar
ac_cv_prog_ac_ct_CC=gcc
ac_cv_prog_ac_ct_RANLIB=ranlib
ac_cv_prog_cc_c89=
ac_cv_prog_cc_g=yes
ac_cv_prog_make_make_set=yes
ac_cv_type_size_t=yes
am_cv_CC_dependencies_compiler_type=gcc3
am_cv_make_support_nested_variables=yes
am_cv_prog_cc_c_o=yes

## ----------------- ##
## Output variables. ##
## ----------------- ##

ACLOCAL='${SHELL} /home/pucher/osxhome/projects/git/hts-engine-world/trunk/config/missing aclocal-1.14'
AMDEPBACKSLASH='\'
AMDEP_FALSE='#'
AMDEP_TRUE=''
AMTAR='$${TAR-tar}'
AM_BACKSLASH='\'
AM_DEFAULT_V='$(AM_DEFAULT_VERBOSITY)'
AM_DEFAULT_VERBOSITY='1'
AM_V='$(V)'
AR='ar'
AUTOCONF='${SHELL} /home/pucher/osxhome/projects/git/hts-engine-world/trunk/config/missing autoconf'
AUTOHEADER='${SHELL} /home/pucher/osxhome/projects/git/hts-engine-world/trunk/config/missing autoheader'
AUTOMAKE='${SHELL} /home/pucher/osxhome/projects/git/hts-engine-world/trunk/config/missing automake-1.14'
AWK='gawk'
CC='gcc'
CCDEPMODE='depmode=gcc3'
CFLAGS='-g -O2'
CPP='gcc -E'
CPPFLAGS=''
CYGPATH_W='echo'
DEFS='-DPACKAGE_NAME=\"hts_engine_API\" -DPACKAGE_TARNAME=\"hts_engine_API\" -DPACKAGE_VERSION=\"1.10\" -DPACKAGE_STRING=\"hts_engine_API\ 1.10\" -DPACKAGE_BUGREPORT=\"hts-engine-users@lists.sourceforge.net\" -DPACKAGE_URL=\"\" -DPACKAGE=\"hts_engine_API\" -DVERSION=\"1.10\" -DHAVE_LIBM=1 -DSTDC_HEADERS=1 -DHAVE_SYS_TYPES_H=1 -DHAVE_SYS_STAT_H=1 -DHAVE_STDLIB_H=1 -DHAVE_STRING_H=1 -DHAVE_MEMORY_H=1 -DHAVE_STRINGS_H=1 -DHAVE_INTTYPES_H=1 -DHAVE_STDINT_H=1 -DHAVE_UNISTD_H=1 -DHAVE_STDLIB_H=1 -DHAVE_STRING_H=1 -DHAVE_VPRINTF=1 -DHAVE_SQRT=1 -DHAVE_STRCHR=1 -DHAVE_STRRCHR=1 -DHAVE_STRSTR=1'
DEPDIR='.deps'
ECHO_C=''
ECHO_N='-n'
ECHO_T=''
EGREP='/bin/grep -E'
EXEEXT=''
GREP='/bin/grep'
INSTALL_DATA='${INSTALL} -m 644'
INSTALL_PROGRAM='${INSTALL}'
INSTALL_SCRIPT='${INSTALL}'
INSTALL_STRIP_PROGRAM='$(install_sh) -c -s'
LDFLAGS=''
LIBOBJS=''
LIBS='-lm '
LTLIBOBJS=''
MAKEINFO='${SHELL} /home/pucher/osxhome/projects/git/hts-engine-world/trunk/config/missing makeinfo'
MKDIR_P='/bin/mkdir -p'
OBJEXT='o'
PACKAGE='hts_engine_API'
PACKAGE_BUGREPORT='hts-engine-users@lists.sourceforge.net'
PACKAGE_NAME='hts_engine_API'
PACKAGE_STRING='hts_engine_API 1.10'
PACKAGE_TARNAME='hts_engine_API'
PACKAGE_URL=''
PACKAGE_VERSION='1.10'
PATH_SEPARATOR=':'
RANLIB='ranlib'
SET_MAKE=''
SHELL='/bin/bash'
STRIP=''
VERSION='1.10'
ac_ct_CC='gcc'
am__EXEEXT_FALSE=''
am__EXEEXT_TRUE='#'
am__fastdepCC_FALSE='#'
am__fastdepCC_TRUE=''
am__include='include'
am__isrc=''
am__leading_dot='.'
am__nodep='_no'
am__quote=''
am__tar='$${TAR-tar} chof - "$$tardir"'
am__untar='$${TAR-tar} xf -'
bindir='${exec_prefix}/bin'
build='x86_64-unknown-linux-gnu'
build_alias=''
build_cpu='x86_64'
build_os='linux-gnu'
build_vendor='unknown'
datadir='${datarootdir}'
datarootdir='${prefix}/share'
docdir='${datarootdir}/doc/${PACKAGE_TARNAME}'
dvidir='${docdir}'
exec_prefix='${prefix}'
host='x86_64-unknown-linux-gnu'
host_alias=''
host_cpu='x86_64'
host_os='linux-gnu'
host_vendor='unknown'
htmldir='${docdir}'
includedir='${prefix}/include'
infodir='${datarootdir}/info'
install_sh='${SHELL} /home/pucher/osxhome/projects/git/hts-engine-world/trunk/config/install-sh'
libdir='${exec_prefix}/lib'
libexecdir='${exec_prefix}/libexec'
localedir='${datarootdir}/locale'
localstatedir='${prefix}/var'
mandir='${datarootdir}/man'
mkdir_p='$(MKDIR_P)'
oldincludedir='/usr/include'
pdfdir='${docdir}'
prefix='/usr/local'
program_transform_name='s,x,x,'
psdir='${docdir}'
sbindir='${exec_prefix}/sbin'
sharedstatedir='${prefix}/com'
sysconfdir='${prefix}/etc'
target_alias=''

## ----------- ##
## confdefs.h. ##
## ----------- ##

/* confdefs.h */
#define PACKAGE_NAME "hts_engine_API"
#define PACKAGE_TARNAME "hts_engine_API"
#define PACKAGE_VERSION "1.10"
#define PACKAGE_STRING "hts_engine_API 1.10"
#define PACKAGE_BUGREPORT "hts-engine-users@lists.sourceforge.net"
#define PACKAGE_URL ""
#define PACKAGE "hts_engine_API"
#define VERSION "1.10"
#define HAVE_LIBM 1
#define STDC_HEADERS 1
#define HAVE_SYS_TYPES_H 1
#define HAVE_SYS_STAT_H 1
#define HAVE_STDLIB_H 1
#define HAVE_STRING_H 1
#define HAVE_MEMORY_H 1
#define HAVE_STRINGS_H 1
#define HAVE_INTTYPES_H 1
#define HAVE_STDINT_H 1
#define HAVE_UNISTD_H 1
#define HAVE_STDLIB_H 1
#define HAVE_STRING_H 1
#define HAVE_VPRINTF 1
#define HAVE_SQRT 1
#define HAVE_STRCHR 1
#define HAVE_STRRCHR 1
#define HAVE_STRSTR 1

configure: exit 0
